[debug] [2026-02-21T21:16:15.967Z] ----------------------------------------------------------------------
[debug] [2026-02-21T21:16:15.969Z] Command:       /usr/local/bin/node /home/aikath/.npm/_npx/7750544ccf494d8b/node_modules/.bin/firebase deploy --only hosting --project claw-f7b88 --non-interactive
[debug] [2026-02-21T21:16:15.970Z] CLI Version:   15.7.0
[debug] [2026-02-21T21:16:15.970Z] Platform:      linux
[debug] [2026-02-21T21:16:15.970Z] Node Version:  v24.13.0
[debug] [2026-02-21T21:16:15.970Z] Time:          Sat Feb 21 2026 16:16:15 GMT-0500 (Eastern Standard Time)
[debug] [2026-02-21T21:16:15.970Z] ----------------------------------------------------------------------
[debug] 
[debug] [2026-02-21T21:16:15.972Z] >>> [apiv2][query] GET https://firebase-public.firebaseio.com/cli.json [none]
[debug] [2026-02-21T21:16:17.898Z] > command requires scopes: ["email","openid","https://www.googleapis.com/auth/cloudplatformprojects.readonly","https://www.googleapis.com/auth/firebase","https://www.googleapis.com/auth/cloud-platform"]
[debug] [2026-02-21T21:16:18.050Z] <<< [apiv2][status] GET https://firebase-public.firebaseio.com/cli.json 200
[debug] [2026-02-21T21:16:18.050Z] <<< [apiv2][body] GET https://firebase-public.firebaseio.com/cli.json {"cloudBuildErrorAfter":1594252800000,"cloudBuildWarnAfter":1590019200000,"defaultNode10After":1594252800000,"minVersion":"3.0.5","node8DeploysDisabledAfter":1613390400000,"node8RuntimeDisabledAfter":1615809600000,"node8WarnAfter":1600128000000}
[debug] [2026-02-21T21:16:18.080Z] Running auto auth
[debug] [2026-02-21T21:16:18.080Z] [iam] checking project claw-f7b88 for permissions ["firebase.projects.get","firebasehosting.sites.update"]
[debug] [2026-02-21T21:16:18.081Z] No OAuth tokens found
[debug] [2026-02-21T21:16:18.082Z] >>> [apiv2][query] POST https://cloudresourcemanager.googleapis.com/v1/projects/claw-f7b88:testIamPermissions [none]
[debug] [2026-02-21T21:16:18.082Z] >>> [apiv2][(partial)header] POST https://cloudresourcemanager.googleapis.com/v1/projects/claw-f7b88:testIamPermissions  x-goog-user-project=claw-f7b88
[debug] [2026-02-21T21:16:18.082Z] >>> [apiv2][body] POST https://cloudresourcemanager.googleapis.com/v1/projects/claw-f7b88:testIamPermissions {"permissions":["firebase.projects.get","firebasehosting.sites.update"]}
[debug] [2026-02-21T21:16:18.367Z] <<< [apiv2][status] POST https://cloudresourcemanager.googleapis.com/v1/projects/claw-f7b88:testIamPermissions 403
[debug] [2026-02-21T21:16:18.368Z] <<< [apiv2][body] POST https://cloudresourcemanager.googleapis.com/v1/projects/claw-f7b88:testIamPermissions {"error":{"code":403,"message":"Caller does not have required permission to use project claw-f7b88. Grant the caller the roles/serviceusage.serviceUsageConsumer role, or a custom role with the serviceusage.services.use permission, by visiting https://console.developers.google.com/iam-admin/iam/project?project=claw-f7b88 and then retry. Propagation of the new permission may take a few minutes.","status":"PERMISSION_DENIED","details":[{"@type":"type.googleapis.com/google.rpc.ErrorInfo","reason":"USER_PROJECT_DENIED","domain":"googleapis.com","metadata":{"consumer":"projects/claw-f7b88","consoleUrl":"https://console.developers.google.com/iam-admin/iam/project?project=claw-f7b88","service":"cloudresourcemanager.googleapis.com","containerInfo":"claw-f7b88"}},{"@type":"type.googleapis.com/google.rpc.LocalizedMessage","locale":"en-US","message":"Caller does not have required permission to use project claw-f7b88. Grant the caller the roles/serviceusage.serviceUsageConsumer role, or a custom role with the serviceusage.services.use permission, by visiting https://console.developers.google.com/iam-admin/iam/project?project=claw-f7b88 and then retry. Propagation of the new permission may take a few minutes."},{"@type":"type.googleapis.com/google.rpc.Help","links":[{"description":"Google developer console IAM admin","url":"https://console.developers.google.com/iam-admin/iam/project?project=claw-f7b88"}]}]}}
[debug] [2026-02-21T21:16:18.370Z] [iam] error while checking permissions, command may fail: Request to https://cloudresourcemanager.googleapis.com/v1/projects/claw-f7b88:testIamPermissions had HTTP Error: 403, Caller does not have required permission to use project claw-f7b88. Grant the caller the roles/serviceusage.serviceUsageConsumer role, or a custom role with the serviceusage.services.use permission, by visiting https://console.developers.google.com/iam-admin/iam/project?project=claw-f7b88 and then retry. Propagation of the new permission may take a few minutes.
[debug] [2026-02-21T21:16:18.372Z] No OAuth tokens found
[debug] [2026-02-21T21:16:18.373Z] >>> [apiv2][query] GET https://firebase.googleapis.com/v1beta1/projects/claw-f7b88 [none]
[debug] [2026-02-21T21:16:18.542Z] <<< [apiv2][status] GET https://firebase.googleapis.com/v1beta1/projects/claw-f7b88 403
[debug] [2026-02-21T21:16:18.543Z] <<< [apiv2][body] GET https://firebase.googleapis.com/v1beta1/projects/claw-f7b88 {"error":{"code":403,"message":"Firebase Management API has not been used in project 23672756562 before or it is disabled. Enable it by visiting https://console.developers.google.com/apis/api/firebase.googleapis.com/overview?project=23672756562 then retry. If you enabled this API recently, wait a few minutes for the action to propagate to our systems and retry.","status":"PERMISSION_DENIED","details":[{"@type":"type.googleapis.com/google.rpc.ErrorInfo","reason":"SERVICE_DISABLED","domain":"googleapis.com","metadata":{"service":"firebase.googleapis.com","containerInfo":"23672756562","activationUrl":"https://console.developers.google.com/apis/api/firebase.googleapis.com/overview?project=23672756562","serviceTitle":"Firebase Management API","consumer":"projects/23672756562"}},{"@type":"type.googleapis.com/google.rpc.LocalizedMessage","locale":"en-US","message":"Firebase Management API has not been used in project 23672756562 before or it is disabled. Enable it by visiting https://console.developers.google.com/apis/api/firebase.googleapis.com/overview?project=23672756562 then retry. If you enabled this API recently, wait a few minutes for the action to propagate to our systems and retry."},{"@type":"type.googleapis.com/google.rpc.Help","links":[{"description":"Google developers console API activation","url":"https://console.developers.google.com/apis/api/firebase.googleapis.com/overview?project=23672756562"}]}]}}
[debug] [2026-02-21T21:16:18.544Z] Request to https://firebase.googleapis.com/v1beta1/projects/claw-f7b88 had HTTP Error: 403, Firebase Management API has not been used in project 23672756562 before or it is disabled. Enable it by visiting https://console.developers.google.com/apis/api/firebase.googleapis.com/overview?project=23672756562 then retry. If you enabled this API recently, wait a few minutes for the action to propagate to our systems and retry.
[debug] [2026-02-21T21:16:18.547Z] FirebaseError: Request to https://firebase.googleapis.com/v1beta1/projects/claw-f7b88 had HTTP Error: 403, Firebase Management API has not been used in project 23672756562 before or it is disabled. Enable it by visiting https://console.developers.google.com/apis/api/firebase.googleapis.com/overview?project=23672756562 then retry. If you enabled this API recently, wait a few minutes for the action to propagate to our systems and retry.
    at responseToError (/home/aikath/.npm/_npx/7750544ccf494d8b/node_modules/firebase-tools/lib/responseToError.js:53:12)
    at RetryOperation._fn (/home/aikath/.npm/_npx/7750544ccf494d8b/node_modules/firebase-tools/lib/apiv2.js:330:77)
    at process.processTicksAndRejections (node:internal/process/task_queues:103:5)
[error] 
[error] Error: Failed to get Firebase project claw-f7b88. Please make sure the project exists and your account has permission to access it.
